<?xml version="1.0" encoding="UTF-8"?>
<!-- Generated by org.testng.reporters.JUnitXMLReporter -->
<testsuite ignored="0" hostname="DESKTOP-R1L0ULN" failures="0" tests="4" name="Default test" time="40.399" errors="0" timestamp="2022-12-12T22:33:42 IST">
  <testcase classname="loginTestCase.Login2" name="login_Scenario" time="21.136"/>
  <testcase classname="loginTestCase.Login2" name="login_Scenario" time="5.298"/>
  <testcase classname="loginTestCase.Login2" name="login_Scenario" time="5.34"/>
  <testcase classname="loginTestCase.Login2" name="login_Scenario" time="4.923"/>
</testsuite> <!-- Default test -->
